C51 COMPILER V9.57.0.0   INIT                                                              03/19/2025 20:37:44 PAGE 1   


C51 COMPILER V9.57.0.0, COMPILATION OF MODULE INIT
OBJECT MODULE PLACED IN .\Objects\init.obj
COMPILER INVOKED BY: D:\51dpj\C51\BIN\C51.EXE ..\Driver\init.c OPTIMIZE(8,SPEED) BROWSE INCDIR(..\Driver;..\Sys) DEBUG O
                    -BJECTEXTEND PRINT(.\Listings\init.lst) OBJECT(.\Objects\init.obj)

line level    source

   1          #include "init.h"
   2          void HC138_select(uchar channel,uchar dat)
   3          {
   4   1              P0=dat;
   5   1              P2=(P2&0x1f)|(channel<<5);
   6   1              P2&=0x1f;
   7   1      }
   8          void Init_system()
   9          {
  10   1              HC138_select(4,0xff);
  11   1              HC138_select(5,0x00);
  12   1      }


MODULE INFORMATION:   STATIC OVERLAYABLE
   CODE SIZE        =     33    ----
   CONSTANT SIZE    =   ----    ----
   XDATA SIZE       =   ----    ----
   PDATA SIZE       =   ----    ----
   DATA SIZE        =   ----    ----
   IDATA SIZE       =   ----    ----
   BIT SIZE         =   ----    ----
END OF MODULE INFORMATION.


C51 COMPILATION COMPLETE.  0 WARNING(S),  0 ERROR(S)
