C51 COMPILER V9.57.0.0   MAIN                                                              03/19/2025 20:37:44 PAGE 1   


C51 COMPILER V9.57.0.0, COMPILATION OF MODULE MAIN
OBJECT MODULE PLACED IN .\Objects\main.obj
COMPILER INVOKED BY: D:\51dpj\C51\BIN\C51.EXE main.c OPTIMIZE(8,SPEED) BROWSE INCDIR(..\Driver;..\Sys) DEBUG OBJECTEXTEN
                    -D PRINT(.\Listings\main.lst) OBJECT(.\Objects\main.obj)

line level    source

   1          #include <STC15F2K60S2.H>
   2          #include <init.h>
   3          #include <smg.h>
   4          #include <ds1302.h>
   5          void Timer0Init(void)           //1毫秒@12.000MHz
   6          {
   7   1              AUXR |= 0x80;           //定时器时钟1T模式
   8   1              TMOD &= 0xF0;           //设置定时器模式
   9   1              TL0 = 0x20;             //设置定时初值
  10   1              TH0 = 0xD1;             //设置定时初值
  11   1              TF0 = 0;                //清除TF0标志
  12   1              TR0 = 1;                //定时器0开始计时
  13   1              ET0 = 1;
  14   1              EA = 1;
  15   1      }
  16          uchar time10ms;
  17          void Timer0server() interrupt 1
  18          {
  19   1              smgdis();
  20   1              time10ms++;
  21   1      }
  22          void main()
  23          {
  24   1              Init_system();
  25   1              Timer0Init();
  26   1              write_rtc();
  27   1              while(1)
  28   1              {
  29   2                      if(time10ms>=10)
  30   2                      {
  31   3                              read_rtc();
  32   3                              smgtemp[7]=RTC[0]%16;
  33   3                              smgtemp[6]=RTC[0]/16;
  34   3                              smgtemp[4]=RTC[1]%16;
  35   3                              smgtemp[3]=RTC[1]/16;
  36   3                              smgtemp[1]=RTC[2]%16;
  37   3                              smgtemp[0]=RTC[2]/16;
  38   3                      }
  39   2              }
  40   1      }


MODULE INFORMATION:   STATIC OVERLAYABLE
   CODE SIZE        =    142    ----
   CONSTANT SIZE    =   ----    ----
   XDATA SIZE       =   ----    ----
   PDATA SIZE       =   ----    ----
   DATA SIZE        =      1    ----
   IDATA SIZE       =   ----    ----
   BIT SIZE         =   ----    ----
END OF MODULE INFORMATION.


C51 COMPILATION COMPLETE.  0 WARNING(S),  0 ERROR(S)
