C51 COMPILER V9.57.0.0   SMG                                                               03/19/2025 20:37:44 PAGE 1   


C51 COMPILER V9.57.0.0, COMPILATION OF MODULE SMG
OBJECT MODULE PLACED IN .\Objects\smg.obj
COMPILER INVOKED BY: D:\51dpj\C51\BIN\C51.EXE ..\Driver\smg.c OPTIMIZE(8,SPEED) BROWSE INCDIR(..\Driver;..\Sys) DEBUG OB
                    -JECTEXTEND PRINT(.\Listings\smg.lst) OBJECT(.\Objects\smg.obj)

line level    source

   1          #include "smg.h"
   2          uchar code display[]={                       //±ê×¼×Ö¿â
   3          //   0    1    2    3    4    5    6    7    8    9    A    B    C    D    E    F
   4              0x3F,0x06,0x5B,0x4F,0x66,0x6D,0x7D,0x07,0x7F,0x6F,0x77,0x7C,0x39,0x5E,0x79,0x71,
   5          //black  -     H    J    K    L    N    o   P    U     t    G    Q    r   M    y
   6              0x00,0x40,0x76,0x1E,0x70,0x38,0x37,0x5C,0x73,0x3E,0x78,0x3d,0x67,0x50,0x37,0x6e,
   7              0xBF,0x86,0xDB,0xCF,0xE6,0xED,0xFD,0x87,0xFF,0xEF,0x46};    //0. 1. 2. 3. 4. 5. 6. 7. 8. 9. -1
   8          uchar smgtemp[]={16,16,16,16,16,16,16,16};
   9          uchar pos;
  10          void smgdis()
  11          {
  12   1              HC138_select(7,0xff);
  13   1              HC138_select(6,0x01<<pos);
  14   1              HC138_select(7,~(display[smgtemp[pos++]]));
  15   1              pos&=7;
  16   1      }


MODULE INFORMATION:   STATIC OVERLAYABLE
   CODE SIZE        =     50    ----
   CONSTANT SIZE    =     43    ----
   XDATA SIZE       =   ----    ----
   PDATA SIZE       =   ----    ----
   DATA SIZE        =      9    ----
   IDATA SIZE       =   ----    ----
   BIT SIZE         =   ----    ----
END OF MODULE INFORMATION.


C51 COMPILATION COMPLETE.  0 WARNING(S),  0 ERROR(S)
