C51 COMPILER V9.57.0.0   MAIN                                                              03/22/2025 22:52:53 PAGE 1   


C51 COMPILER V9.57.0.0, COMPILATION OF MODULE MAIN
OBJECT MODULE PLACED IN .\Objects\main.obj
COMPILER INVOKED BY: D:\51dpj\C51\BIN\C51.EXE main.c OPTIMIZE(8,SPEED) BROWSE INCDIR(..\Driver;..\Sys) DEBUG OBJECTEXTEN
                    -D PRINT(.\Listings\main.lst) OBJECT(.\Objects\main.obj)

line level    source

   1          #include <STC15F2K60S2.H>
   2          #include <init.h>
   3          #include <smg.h>
   4          #include <onewire.h>
   5          float t;//记录数据
   6          uchar t_10ms;//等待数码管数据更新
   7          uint t_500ms;//等待温度读取
   8          void Timer0Init(void)           //1毫秒@12.000MHz
   9          {
  10   1              AUXR |= 0x80;           //定时器时钟1T模式
  11   1              TMOD &= 0xF0;           //设置定时器模式
  12   1              TL0 = 0x20;             //设置定时初值
  13   1              TH0 = 0xD1;             //设置定时初值
  14   1              TF0 = 0;                //清除TF0标志
  15   1              TR0 = 1;                //定时器0开始计时
  16   1              ET0 = 1;
  17   1              EA = 1;
  18   1      }
  19          void Timer0server() interrupt 1
  20          {
  21   1              smgdis();
  22   1              t_10ms++;
  23   1              t_500ms++;
  24   1      }
  25          void main()
  26          {
  27   1              Init_system();
  28   1              Timer0Init();
  29   1              while(1)
  30   1              {
  31   2                      if(t_10ms>=10)
  32   2                      {
  33   3                              t_10ms=0;
  34   3                              if(t_500ms>=500)
  35   3                              {
  36   4                                      t=rd_temperature();
  37   4                                      t_500ms=0;
  38   4                              }
  39   3                              smgtemp[7]=(uint)t%10;
  40   3                              smgtemp[6]=(uint)t/10%10;
  41   3                              smgtemp[5]=(uint)t/100%10+32;
  42   3                              smgtemp[4]=(uint)t/1000;
  43   3                      }
  44   2              }
  45   1      }


MODULE INFORMATION:   STATIC OVERLAYABLE
   CODE SIZE        =    226    ----
   CONSTANT SIZE    =   ----    ----
   XDATA SIZE       =   ----    ----
   PDATA SIZE       =   ----    ----
   DATA SIZE        =      7    ----
   IDATA SIZE       =   ----    ----
C51 COMPILER V9.57.0.0   MAIN                                                              03/22/2025 22:52:53 PAGE 2   

   BIT SIZE         =   ----    ----
END OF MODULE INFORMATION.


C51 COMPILATION COMPLETE.  0 WARNING(S),  0 ERROR(S)
